<?xml version="1.0" encoding="UTF-8"?>
<!-- Generated by org.testng.reporters.JUnitReportReporter -->
<testsuite skipped="0" hostname="LAPTOP-NT16Q2I6" name="com.crownelearn.Test.TestAPI_2Post" tests="1" failures="0" timestamp="2020-12-25T11:58:44 IST" time="3.802" errors="0">
  <testcase name="testAssured" time="3.802" classname="com.crownelearn.Test.TestAPI_2Post"/>
  <system-out/>
</testsuite> <!-- com.crownelearn.Test.TestAPI_2Post -->
