<?xml version="1.0" encoding="UTF-8"?>
<!-- Generated by org.testng.reporters.JUnitReportReporter -->
<testsuite skipped="0" hostname="LAPTOP-NT16Q2I6" name="com.crownelearn.Test.TestAPI_1" tests="1" failures="0" timestamp="2020-12-25T22:31:31 IST" time="3.646" errors="0">
  <testcase name="testing" time="3.646" classname="com.crownelearn.Test.TestAPI_1"/>
  <system-out/>
</testsuite> <!-- com.crownelearn.Test.TestAPI_1 -->
