<?xml version="1.0" encoding="UTF-8"?>
<!-- Generated by org.testng.reporters.JUnitReportReporter -->
<testsuite skipped="0" hostname="LAPTOP-NT16Q2I6" name="com.crownelearn.Test.TestAPI_DD_Post" tests="2" failures="0" timestamp="2020-12-25T22:31:31 IST" time="3.173" errors="0">
  <testcase name="postNewEmployee" time="1.948" classname="com.crownelearn.Test.TestAPI_DD_Post"/>
  <system-out/>
  <testcase name="postNewEmployee" time="1.225" classname="com.crownelearn.Test.TestAPI_DD_Post"/>
  <system-out/>
</testsuite> <!-- com.crownelearn.Test.TestAPI_DD_Post -->
